This file contains any messages produced by compilers while
running configure, to aid debugging if configure makes a mistake.

It was created by configure, which was
generated by GNU Autoconf 2.59.  Invocation command line was

  $ ./configure --enable-static

## --------- ##
## Platform. ##
## --------- ##

hostname = duo.colorado.edu
uname -m = i386
uname -r = 8.5.2
uname -s = Darwin
uname -v = Darwin Kernel Version 8.5.2: Mon Feb 13 16:31:48 PST 2006; root:xnu-792.8.37.obj~1/RELEASE_I386

/usr/bin/uname -p = i386
/bin/uname -X     = unknown

/bin/arch              = unknown
/usr/bin/arch -k       = unknown
/usr/convex/getsysinfo = unknown
hostinfo               = Mach kernel version:
	 Darwin Kernel Version 8.5.2: Mon Feb 13 16:31:48 PST 2006; root:xnu-792.8.37.obj~1/RELEASE_I386
Kernel configured for up to 2 processors.
2 processors are physically available.
2 processors are logically available.
Processor type: i486 (Intel 80486)
Processors active: 0 1
Primary memory available: 2.00 gigabytes
Default processor set: 59 tasks, 175 threads, 2 processors
Load average: 0.73, Mach factor: 1.26
/bin/machine           = unknown
/usr/bin/oslevel       = unknown
/bin/universe          = unknown

PATH: ./
PATH: /Users/oreilly/shbin
PATH: /Users/oreilly/bin
PATH: /usr/local/bin
PATH: /bin
PATH: /usr/bin
PATH: /usr/X11R6/bin
PATH: /usr/openwin/bin
PATH: /sbin
PATH: /usr/sbin


## ----------- ##
## Core tests. ##
## ----------- ##

configure:1542: checking build system type
configure:1560: result: i686-apple-darwin8.5.2
configure:1568: checking host system type
configure:1582: result: i686-apple-darwin8.5.2
configure:1763: checking for g++
configure:1779: found /usr/bin/g++
configure:1789: result: g++
configure:1805: checking for C++ compiler version
configure:1808: g++ --version </dev/null >&5
i686-apple-darwin8-g++-4.0.1 (GCC) 4.0.1 (Apple Computer, Inc. build 5250)
Copyright (C) 2005 Free Software Foundation, Inc.
This is free software; see the source for copying conditions.  There is NO
warranty; not even for MERCHANTABILITY or FITNESS FOR A PARTICULAR PURPOSE.

configure:1811: $? = 0
configure:1813: g++ -v </dev/null >&5
Using built-in specs.
Target: i686-apple-darwin8
Configured with: /private/var/tmp/gcc/gcc-5250.obj~20/src/configure --disable-checking -enable-werror --prefix=/usr --mandir=/share/man --enable-languages=c,objc,c++,obj-c++ --program-transform-name=/^[cg][^.-]*$/s/$/-4.0/ --with-gxx-include-dir=/include/c++/4.0.0 --build=powerpc-apple-darwin8 --with-arch=pentium-m --with-tune=prescott --program-prefix= --host=i686-apple-darwin8 --target=i686-apple-darwin8
Thread model: posix
gcc version 4.0.1 (Apple Computer, Inc. build 5250)
configure:1816: $? = 0
configure:1818: g++ -V </dev/null >&5
g++: argument to `-V' is missing
configure:1821: $? = 1
configure:1844: checking for C++ compiler default output file name
configure:1847: g++    conftest.cc  >&5
configure:1850: $? = 0
configure:1896: result: a.out
configure:1901: checking whether the C++ compiler works
configure:1907: ./a.out
configure:1910: $? = 0
configure:1927: result: yes
configure:1934: checking whether we are cross compiling
configure:1936: result: no
configure:1939: checking for suffix of executables
configure:1941: g++ -o conftest    conftest.cc  >&5
configure:1944: $? = 0
configure:1969: result: 
configure:1975: checking for suffix of object files
configure:1996: g++ -c   conftest.cc >&5
configure:1999: $? = 0
configure:2021: result: o
configure:2025: checking whether we are using the GNU C++ compiler
configure:2049: g++ -c   conftest.cc >&5
configure:2055: $? = 0
configure:2059: test -z 
			 || test ! -s conftest.err
configure:2062: $? = 0
configure:2065: test -s conftest.o
configure:2068: $? = 0
configure:2081: result: yes
configure:2087: checking whether g++ accepts -g
configure:2108: g++ -c -g  conftest.cc >&5
configure:2114: $? = 0
configure:2118: test -z 
			 || test ! -s conftest.err
configure:2121: $? = 0
configure:2124: test -s conftest.o
configure:2127: $? = 0
configure:2138: result: yes
configure:2180: g++ -c -g -O2  conftest.cc >&5
configure:2186: $? = 0
configure:2190: test -z 
			 || test ! -s conftest.err
configure:2193: $? = 0
configure:2196: test -s conftest.o
configure:2199: $? = 0
configure:2225: g++ -c -g -O2  conftest.cc >&5
conftest.cc: In function 'int main()':
conftest.cc:13: error: 'exit' was not declared in this scope
configure:2231: $? = 1
configure: failed program was:
| /* confdefs.h.  */
| 
| #define PACKAGE_NAME ""
| #define PACKAGE_TARNAME ""
| #define PACKAGE_VERSION ""
| #define PACKAGE_STRING ""
| #define PACKAGE_BUGREPORT ""
| /* end confdefs.h.  */
| 
| int
| main ()
| {
| exit (42);
|   ;
|   return 0;
| }
configure:2180: g++ -c -g -O2  conftest.cc >&5
/usr/include/stdlib.h:158: error: declaration of 'void std::exit(int)' throws different exceptions
conftest.cc:9: error: than previous declaration 'void std::exit(int) throw ()'
configure:2186: $? = 1
configure: failed program was:
| /* confdefs.h.  */
| 
| #define PACKAGE_NAME ""
| #define PACKAGE_TARNAME ""
| #define PACKAGE_VERSION ""
| #define PACKAGE_STRING ""
| #define PACKAGE_BUGREPORT ""
| /* end confdefs.h.  */
| extern "C" void std::exit (int) throw (); using std::exit;
| #include <stdlib.h>
| int
| main ()
| {
| exit (42);
|   ;
|   return 0;
| }
configure:2180: g++ -c -g -O2  conftest.cc >&5
configure:2186: $? = 0
configure:2190: test -z 
			 || test ! -s conftest.err
configure:2193: $? = 0
configure:2196: test -s conftest.o
configure:2199: $? = 0
configure:2225: g++ -c -g -O2  conftest.cc >&5
configure:2231: $? = 0
configure:2235: test -z 
			 || test ! -s conftest.err
configure:2238: $? = 0
configure:2241: test -s conftest.o
configure:2244: $? = 0
configure:2280: checking for a BSD-compatible install
configure:2335: result: /usr/bin/install -c
configure:2346: checking whether ln -s works
configure:2350: result: yes
configure:2357: checking whether make sets $(MAKE)
configure:2377: result: yes
configure:2456: checking for gcc
configure:2472: found /usr/bin/gcc
configure:2482: result: gcc
configure:2726: checking for C compiler version
configure:2729: gcc --version </dev/null >&5
i686-apple-darwin8-gcc-4.0.1 (GCC) 4.0.1 (Apple Computer, Inc. build 5250)
Copyright (C) 2005 Free Software Foundation, Inc.
This is free software; see the source for copying conditions.  There is NO
warranty; not even for MERCHANTABILITY or FITNESS FOR A PARTICULAR PURPOSE.

configure:2732: $? = 0
configure:2734: gcc -v </dev/null >&5
Using built-in specs.
Target: i686-apple-darwin8
Configured with: /private/var/tmp/gcc/gcc-5250.obj~20/src/configure --disable-checking -enable-werror --prefix=/usr --mandir=/share/man --enable-languages=c,objc,c++,obj-c++ --program-transform-name=/^[cg][^.-]*$/s/$/-4.0/ --with-gxx-include-dir=/include/c++/4.0.0 --build=powerpc-apple-darwin8 --with-arch=pentium-m --with-tune=prescott --program-prefix= --host=i686-apple-darwin8 --target=i686-apple-darwin8
Thread model: posix
gcc version 4.0.1 (Apple Computer, Inc. build 5250)
configure:2737: $? = 0
configure:2739: gcc -V </dev/null >&5
gcc: argument to `-V' is missing
configure:2742: $? = 1
configure:2745: checking whether we are using the GNU C compiler
configure:2769: gcc -c   conftest.c >&5
configure:2775: $? = 0
configure:2779: test -z 
			 || test ! -s conftest.err
configure:2782: $? = 0
configure:2785: test -s conftest.o
configure:2788: $? = 0
configure:2801: result: yes
configure:2807: checking whether gcc accepts -g
configure:2828: gcc -c -g  conftest.c >&5
configure:2834: $? = 0
configure:2838: test -z 
			 || test ! -s conftest.err
configure:2841: $? = 0
configure:2844: test -s conftest.o
configure:2847: $? = 0
configure:2858: result: yes
configure:2875: checking for gcc option to accept ANSI C
configure:2945: gcc  -c -g -O2  conftest.c >&5
configure:2951: $? = 0
configure:2955: test -z 
			 || test ! -s conftest.err
configure:2958: $? = 0
configure:2961: test -s conftest.o
configure:2964: $? = 0
configure:2982: result: none needed
configure:3000: gcc -c -g -O2  conftest.c >&5
conftest.c:2: error: parse error before 'me'
configure:3006: $? = 1
configure: failed program was:
| #ifndef __cplusplus
|   choke me
| #endif
configure:3139: checking for a sed that does not truncate output
configure:3193: result: /usr/bin/sed
configure:3196: checking for egrep
configure:3206: result: grep -E
configure:3222: checking for ld used by gcc
configure:3289: result: /usr/bin/ld
configure:3298: checking if the linker (/usr/bin/ld) is GNU ld
configure:3313: result: no
configure:3318: checking for /usr/bin/ld option to reload object files
configure:3325: result: -r
configure:3334: checking for BSD-compatible nm
configure:3376: result: /usr/bin/nm -p
configure:3380: checking how to recognise dependent libraries
configure:3563: result: pass_all
configure:3777: checking how to run the C preprocessor
configure:3812: gcc -E  conftest.c
configure:3818: $? = 0
configure:3850: gcc -E  conftest.c
conftest.c:12:28: error: ac_nonexistent.h: No such file or directory
configure:3856: $? = 1
configure: failed program was:
| /* confdefs.h.  */
| 
| #define PACKAGE_NAME ""
| #define PACKAGE_TARNAME ""
| #define PACKAGE_VERSION ""
| #define PACKAGE_STRING ""
| #define PACKAGE_BUGREPORT ""
| #ifdef __cplusplus
| extern "C" void std::exit (int); using std::exit;
| #endif
| /* end confdefs.h.  */
| #include <ac_nonexistent.h>
configure:3895: result: gcc -E
configure:3919: gcc -E  conftest.c
configure:3925: $? = 0
configure:3957: gcc -E  conftest.c
conftest.c:12:28: error: ac_nonexistent.h: No such file or directory
configure:3963: $? = 1
configure: failed program was:
| /* confdefs.h.  */
| 
| #define PACKAGE_NAME ""
| #define PACKAGE_TARNAME ""
| #define PACKAGE_VERSION ""
| #define PACKAGE_STRING ""
| #define PACKAGE_BUGREPORT ""
| #ifdef __cplusplus
| extern "C" void std::exit (int); using std::exit;
| #endif
| /* end confdefs.h.  */
| #include <ac_nonexistent.h>
configure:4007: checking for ANSI C header files
configure:4032: gcc -c -g -O2  conftest.c >&5
configure:4038: $? = 0
configure:4042: test -z 
			 || test ! -s conftest.err
configure:4045: $? = 0
configure:4048: test -s conftest.o
configure:4051: $? = 0
configure:4137: gcc -o conftest -g -O2   conftest.c  >&5
conftest.c: In function 'main':
conftest.c:29: warning: incompatible implicit declaration of built-in function 'exit'
configure:4140: $? = 0
configure:4142: ./conftest
configure:4145: $? = 0
configure:4160: result: yes
configure:4184: checking for sys/types.h
configure:4200: gcc -c -g -O2  conftest.c >&5
configure:4206: $? = 0
configure:4210: test -z 
			 || test ! -s conftest.err
configure:4213: $? = 0
configure:4216: test -s conftest.o
configure:4219: $? = 0
configure:4230: result: yes
configure:4184: checking for sys/stat.h
configure:4200: gcc -c -g -O2  conftest.c >&5
configure:4206: $? = 0
configure:4210: test -z 
			 || test ! -s conftest.err
configure:4213: $? = 0
configure:4216: test -s conftest.o
configure:4219: $? = 0
configure:4230: result: yes
configure:4184: checking for stdlib.h
configure:4200: gcc -c -g -O2  conftest.c >&5
configure:4206: $? = 0
configure:4210: test -z 
			 || test ! -s conftest.err
configure:4213: $? = 0
configure:4216: test -s conftest.o
configure:4219: $? = 0
configure:4230: result: yes
configure:4184: checking for string.h
configure:4200: gcc -c -g -O2  conftest.c >&5
configure:4206: $? = 0
configure:4210: test -z 
			 || test ! -s conftest.err
configure:4213: $? = 0
configure:4216: test -s conftest.o
configure:4219: $? = 0
configure:4230: result: yes
configure:4184: checking for memory.h
configure:4200: gcc -c -g -O2  conftest.c >&5
configure:4206: $? = 0
configure:4210: test -z 
			 || test ! -s conftest.err
configure:4213: $? = 0
configure:4216: test -s conftest.o
configure:4219: $? = 0
configure:4230: result: yes
configure:4184: checking for strings.h
configure:4200: gcc -c -g -O2  conftest.c >&5
configure:4206: $? = 0
configure:4210: test -z 
			 || test ! -s conftest.err
configure:4213: $? = 0
configure:4216: test -s conftest.o
configure:4219: $? = 0
configure:4230: result: yes
configure:4184: checking for inttypes.h
configure:4200: gcc -c -g -O2  conftest.c >&5
configure:4206: $? = 0
configure:4210: test -z 
			 || test ! -s conftest.err
configure:4213: $? = 0
configure:4216: test -s conftest.o
configure:4219: $? = 0
configure:4230: result: yes
configure:4184: checking for stdint.h
configure:4200: gcc -c -g -O2  conftest.c >&5
configure:4206: $? = 0
configure:4210: test -z 
			 || test ! -s conftest.err
configure:4213: $? = 0
configure:4216: test -s conftest.o
configure:4219: $? = 0
configure:4230: result: yes
configure:4184: checking for unistd.h
configure:4200: gcc -c -g -O2  conftest.c >&5
configure:4206: $? = 0
configure:4210: test -z 
			 || test ! -s conftest.err
configure:4213: $? = 0
configure:4216: test -s conftest.o
configure:4219: $? = 0
configure:4230: result: yes
configure:4256: checking dlfcn.h usability
configure:4268: gcc -c -g -O2  conftest.c >&5
configure:4274: $? = 0
configure:4278: test -z 
			 || test ! -s conftest.err
configure:4281: $? = 0
configure:4284: test -s conftest.o
configure:4287: $? = 0
configure:4297: result: yes
configure:4301: checking dlfcn.h presence
configure:4311: gcc -E  conftest.c
configure:4317: $? = 0
configure:4337: result: yes
configure:4372: checking for dlfcn.h
configure:4379: result: yes
configure:4397: checking how to run the C++ preprocessor
configure:4428: g++ -E  conftest.cc
configure:4434: $? = 0
configure:4466: g++ -E  conftest.cc
conftest.cc:23:28: error: ac_nonexistent.h: No such file or directory
configure:4472: $? = 1
configure: failed program was:
| /* confdefs.h.  */
| 
| #define PACKAGE_NAME ""
| #define PACKAGE_TARNAME ""
| #define PACKAGE_VERSION ""
| #define PACKAGE_STRING ""
| #define PACKAGE_BUGREPORT ""
| #ifdef __cplusplus
| extern "C" void std::exit (int); using std::exit;
| #endif
| #define STDC_HEADERS 1
| #define HAVE_SYS_TYPES_H 1
| #define HAVE_SYS_STAT_H 1
| #define HAVE_STDLIB_H 1
| #define HAVE_STRING_H 1
| #define HAVE_MEMORY_H 1
| #define HAVE_STRINGS_H 1
| #define HAVE_INTTYPES_H 1
| #define HAVE_STDINT_H 1
| #define HAVE_UNISTD_H 1
| #define HAVE_DLFCN_H 1
| /* end confdefs.h.  */
| #include <ac_nonexistent.h>
configure:4511: result: g++ -E
configure:4535: g++ -E  conftest.cc
configure:4541: $? = 0
configure:4573: g++ -E  conftest.cc
conftest.cc:23:28: error: ac_nonexistent.h: No such file or directory
configure:4579: $? = 1
configure: failed program was:
| /* confdefs.h.  */
| 
| #define PACKAGE_NAME ""
| #define PACKAGE_TARNAME ""
| #define PACKAGE_VERSION ""
| #define PACKAGE_STRING ""
| #define PACKAGE_BUGREPORT ""
| #ifdef __cplusplus
| extern "C" void std::exit (int); using std::exit;
| #endif
| #define STDC_HEADERS 1
| #define HAVE_SYS_TYPES_H 1
| #define HAVE_SYS_STAT_H 1
| #define HAVE_STDLIB_H 1
| #define HAVE_STRING_H 1
| #define HAVE_MEMORY_H 1
| #define HAVE_STRINGS_H 1
| #define HAVE_INTTYPES_H 1
| #define HAVE_STDINT_H 1
| #define HAVE_UNISTD_H 1
| #define HAVE_DLFCN_H 1
| /* end confdefs.h.  */
| #include <ac_nonexistent.h>
configure:4674: checking for g77
configure:4703: result: no
configure:4674: checking for f77
configure:4703: result: no
configure:4674: checking for xlf
configure:4703: result: no
configure:4674: checking for frt
configure:4703: result: no
configure:4674: checking for pgf77
configure:4703: result: no
configure:4674: checking for fort77
configure:4703: result: no
configure:4674: checking for fl32
configure:4703: result: no
configure:4674: checking for af77
configure:4703: result: no
configure:4674: checking for f90
configure:4703: result: no
configure:4674: checking for xlf90
configure:4703: result: no
configure:4674: checking for pgf90
configure:4703: result: no
configure:4674: checking for epcf90
configure:4703: result: no
configure:4674: checking for f95
configure:4703: result: no
configure:4674: checking for fort
configure:4703: result: no
configure:4674: checking for xlf95
configure:4703: result: no
configure:4674: checking for ifc
configure:4703: result: no
configure:4674: checking for efc
configure:4703: result: no
configure:4674: checking for pgf95
configure:4703: result: no
configure:4674: checking for lf95
configure:4703: result: no
configure:4674: checking for gfortran
configure:4703: result: no
configure:4718: checking for Fortran 77 compiler version
configure:4718:  --version </dev/null >&5
./configure: line 1: --version: command not found
configure:4721: $? = 127
configure:4723:  -v </dev/null >&5
./configure: line 1: -v: command not found
configure:4726: $? = 127
configure:4728:  -V </dev/null >&5
./configure: line 1: -V: command not found
configure:4731: $? = 127
configure:4739: checking whether we are using the GNU Fortran 77 compiler
configure:4753:  -c  conftest.F >&5
./configure: line 1: -c: command not found
configure:4759: $? = 127
configure: failed program was:
|       program main
| #ifndef __GNUC__
|        choke me
| #endif
| 
|       end
configure:4785: result: no
configure:4791: checking whether  accepts -g
configure:4803:  -c -g conftest.f >&5
./configure: line 1: -c: command not found
configure:4809: $? = 127
configure: failed program was:
|       program main
| 
|       end
configure:4834: result: no
configure:4864: checking the maximum length of command line arguments
configure:4929: result: 65536
configure:4940: checking command to parse /usr/bin/nm -p output from gcc object
configure:5029: gcc -c -g -O2  conftest.c >&5
configure:5032: $? = 0
configure:5036: /usr/bin/nm -p conftest.o \| sed -n -e 's/^.*[ 	]\([BCDEGRST][BCDEGRST]*\)[ 	][ 	]*\(\)\([_A-Za-z][_A-Za-z0-9]*\)$/\1 \2\3 \3/p' \> conftest.nm
configure:5039: $? = 0
cannot find nm_test_var in conftest.nm
configure:5029: gcc -c -g -O2  conftest.c >&5
configure:5032: $? = 0
configure:5036: /usr/bin/nm -p conftest.o \| sed -n -e 's/^.*[ 	]\([BCDEGRST][BCDEGRST]*\)[ 	][ 	]*\(_\)\([_A-Za-z][_A-Za-z0-9]*\)$/\1 \2\3 \3/p' \> conftest.nm
configure:5039: $? = 0
configure:5091: gcc -o conftest -g -O2   conftest.c conftstm.o >&5
configure:5094: $? = 0
configure:5132: result: ok
configure:5136: checking for objdir
configure:5151: result: .libs
configure:5241: checking for ar
configure:5257: found /usr/bin/ar
configure:5268: result: ar
configure:5321: checking for ranlib
configure:5337: found /usr/bin/ranlib
configure:5348: result: ranlib
configure:5401: checking for strip
configure:5417: found /usr/bin/strip
configure:5428: result: strip
configure:5690: checking if gcc static flag  works
configure:5713: result: yes
configure:5731: checking if gcc supports -fno-rtti -fno-exceptions
configure:5752: gcc -c -g -O2  -fno-rtti -fno-exceptions conftest.c >&5
cc1: warning: command line option "-fno-rtti" is valid for C++/ObjC++ but not for C
configure:5756: $? = 0
configure:5764: result: no
configure:5779: checking for gcc option to produce PIC
configure:5956: result: -fno-common
configure:5964: checking if gcc PIC flag -fno-common works
configure:5985: gcc -c -g -O2  -fno-common -DPIC conftest.c >&5
configure:5989: $? = 0
configure:5997: result: yes
configure:6021: checking if gcc supports -c -o file.o
configure:6045: gcc -c -g -O2  -o out/conftest2.o conftest.c >&5
configure:6049: $? = 0
configure:6066: result: yes
configure:6092: checking whether the gcc linker (/usr/bin/ld) supports shared libraries
configure:6940: result: yes
configure:7011: checking dynamic linker characteristics
configure:7551: result: darwin8.5.2 dyld
configure:7555: checking how to hardcode library paths into programs
configure:7580: result: immediate
configure:7594: checking whether stripping libraries is possible
configure:7607: result: yes
configure:8429: checking if libtool supports shared libraries
configure:8431: result: yes
configure:8434: checking whether to build shared libraries
configure:8492: result: yes
configure:8495: checking whether to build static libraries
configure:8499: result: yes
configure:8591: creating libtool
configure:9138: checking for ld used by g++
configure:9205: result: /usr/bin/ld
configure:9214: checking if the linker (/usr/bin/ld) is GNU ld
configure:9229: result: no
configure:9280: checking whether the g++ linker (/usr/bin/ld) supports shared libraries
configure:10108: result: yes
configure:10126: g++ -c -g -O2  conftest.cc >&5
configure:10129: $? = 0
configure:10225: checking for g++ option to produce PIC
configure:10477: result: -fno-common
configure:10485: checking if g++ PIC flag -fno-common works
configure:10506: g++ -c -g -O2  -fno-common -DPIC conftest.cc >&5
configure:10510: $? = 0
configure:10518: result: yes
configure:10542: checking if g++ supports -c -o file.o
configure:10566: g++ -c -g -O2  -o out/conftest2.o conftest.cc >&5
configure:10570: $? = 0
configure:10587: result: yes
configure:10613: checking whether the g++ linker (/usr/bin/ld) supports shared libraries
configure:10638: result: yes
configure:10709: checking dynamic linker characteristics
configure:11249: result: darwin8.5.2 dyld
configure:11253: checking how to hardcode library paths into programs
configure:11278: result: immediate
configure:11292: checking whether stripping libraries is possible
configure:11305: result: yes
configure:18760: checking whether the compiler implements namespaces
configure:18789: g++ -c -g -O2  conftest.cc >&5
configure:18795: $? = 0
configure:18799: test -z 
			 || test ! -s conftest.err
configure:18802: $? = 0
configure:18805: test -s conftest.o
configure:18808: $? = 0
configure:18826: result: yes
configure:18836: checking whether the compiler has stringstream
configure:18869: g++ -c -g -O2  conftest.cc >&5
configure:18875: $? = 0
configure:18879: test -z 
			 || test ! -s conftest.err
configure:18882: $? = 0
configure:18885: test -s conftest.o
configure:18888: $? = 0
configure:18906: result: yes
configure:19225: g++ -o conftest -g -O2   conftest.cc   >&5
configure:19228: $? = 0
configure:19230: ./conftest
configure:19233: $? = 0
configure:19275: checking for dirent.h that defines DIR
configure:19299: gcc -c -g -O2  conftest.c >&5
configure:19305: $? = 0
configure:19309: test -z 
			 || test ! -s conftest.err
configure:19312: $? = 0
configure:19315: test -s conftest.o
configure:19318: $? = 0
configure:19329: result: yes
configure:19342: checking for library containing opendir
configure:19372: gcc -o conftest -g -O2   conftest.c   >&5
configure:19378: $? = 0
configure:19382: test -z 
			 || test ! -s conftest.err
configure:19385: $? = 0
configure:19388: test -s conftest
configure:19391: $? = 0
configure:19461: result: none required
configure:19597: checking for ANSI C header files
configure:19750: result: yes
configure:19760: checking for sys/wait.h that is POSIX.1 compatible
configure:19791: gcc -c -g -O2  conftest.c >&5
configure:19797: $? = 0
configure:19801: test -z 
			 || test ! -s conftest.err
configure:19804: $? = 0
configure:19807: test -s conftest.o
configure:19810: $? = 0
configure:19821: result: yes
configure:19856: checking fcntl.h usability
configure:19868: gcc -c -g -O2  conftest.c >&5
configure:19874: $? = 0
configure:19878: test -z 
			 || test ! -s conftest.err
configure:19881: $? = 0
configure:19884: test -s conftest.o
configure:19887: $? = 0
configure:19897: result: yes
configure:19901: checking fcntl.h presence
configure:19911: gcc -E  conftest.c
configure:19917: $? = 0
configure:19937: result: yes
configure:19972: checking for fcntl.h
configure:19979: result: yes
configure:19856: checking malloc.h usability
configure:19868: gcc -c -g -O2  conftest.c >&5
conftest.c:63:20: error: malloc.h: No such file or directory
configure:19874: $? = 1
configure: failed program was:
| /* confdefs.h.  */
| 
| #define PACKAGE_NAME ""
| #define PACKAGE_TARNAME ""
| #define PACKAGE_VERSION ""
| #define PACKAGE_STRING ""
| #define PACKAGE_BUGREPORT ""
| #ifdef __cplusplus
| extern "C" void std::exit (int); using std::exit;
| #endif
| #define STDC_HEADERS 1
| #define HAVE_SYS_TYPES_H 1
| #define HAVE_SYS_STAT_H 1
| #define HAVE_STDLIB_H 1
| #define HAVE_STRING_H 1
| #define HAVE_MEMORY_H 1
| #define HAVE_STRINGS_H 1
| #define HAVE_INTTYPES_H 1
| #define HAVE_STDINT_H 1
| #define HAVE_UNISTD_H 1
| #define HAVE_DLFCN_H 1
| #define HAVE_NAMESPACES
| #define HAVE_SSTREAM
| #define HAVE_DIRENT_H 1
| #define STDC_HEADERS 1
| #define HAVE_SYS_WAIT_H 1
| #define HAVE_FCNTL_H 1
| /* end confdefs.h.  */
| #include <stdio.h>
| #if HAVE_SYS_TYPES_H
| # include <sys/types.h>
| #endif
| #if HAVE_SYS_STAT_H
| # include <sys/stat.h>
| #endif
| #if STDC_HEADERS
| # include <stdlib.h>
| # include <stddef.h>
| #else
| # if HAVE_STDLIB_H
| #  include <stdlib.h>
| # endif
| #endif
| #if HAVE_STRING_H
| # if !STDC_HEADERS && HAVE_MEMORY_H
| #  include <memory.h>
| # endif
| # include <string.h>
| #endif
| #if HAVE_STRINGS_H
| # include <strings.h>
| #endif
| #if HAVE_INTTYPES_H
| # include <inttypes.h>
| #else
| # if HAVE_STDINT_H
| #  include <stdint.h>
| # endif
| #endif
| #if HAVE_UNISTD_H
| # include <unistd.h>
| #endif
| #include <malloc.h>
configure:19897: result: no
configure:19901: checking malloc.h presence
configure:19911: gcc -E  conftest.c
conftest.c:29:20: error: malloc.h: No such file or directory
configure:19917: $? = 1
configure: failed program was:
| /* confdefs.h.  */
| 
| #define PACKAGE_NAME ""
| #define PACKAGE_TARNAME ""
| #define PACKAGE_VERSION ""
| #define PACKAGE_STRING ""
| #define PACKAGE_BUGREPORT ""
| #ifdef __cplusplus
| extern "C" void std::exit (int); using std::exit;
| #endif
| #define STDC_HEADERS 1
| #define HAVE_SYS_TYPES_H 1
| #define HAVE_SYS_STAT_H 1
| #define HAVE_STDLIB_H 1
| #define HAVE_STRING_H 1
| #define HAVE_MEMORY_H 1
| #define HAVE_STRINGS_H 1
| #define HAVE_INTTYPES_H 1
| #define HAVE_STDINT_H 1
| #define HAVE_UNISTD_H 1
| #define HAVE_DLFCN_H 1
| #define HAVE_NAMESPACES
| #define HAVE_SSTREAM
| #define HAVE_DIRENT_H 1
| #define STDC_HEADERS 1
| #define HAVE_SYS_WAIT_H 1
| #define HAVE_FCNTL_H 1
| /* end confdefs.h.  */
| #include <malloc.h>
configure:19937: result: no
configure:19972: checking for malloc.h
configure:19979: result: no
configure:19856: checking sys/file.h usability
configure:19868: gcc -c -g -O2  conftest.c >&5
configure:19874: $? = 0
configure:19878: test -z 
			 || test ! -s conftest.err
configure:19881: $? = 0
configure:19884: test -s conftest.o
configure:19887: $? = 0
configure:19897: result: yes
configure:19901: checking sys/file.h presence
configure:19911: gcc -E  conftest.c
configure:19917: $? = 0
configure:19937: result: yes
configure:19972: checking for sys/file.h
configure:19979: result: yes
configure:19856: checking sys/ioctl.h usability
configure:19868: gcc -c -g -O2  conftest.c >&5
configure:19874: $? = 0
configure:19878: test -z 
			 || test ! -s conftest.err
configure:19881: $? = 0
configure:19884: test -s conftest.o
configure:19887: $? = 0
configure:19897: result: yes
configure:19901: checking sys/ioctl.h presence
configure:19911: gcc -E  conftest.c
configure:19917: $? = 0
configure:19937: result: yes
configure:19972: checking for sys/ioctl.h
configure:19979: result: yes
configure:19856: checking sys/time.h usability
configure:19868: gcc -c -g -O2  conftest.c >&5
configure:19874: $? = 0
configure:19878: test -z 
			 || test ! -s conftest.err
configure:19881: $? = 0
configure:19884: test -s conftest.o
configure:19887: $? = 0
configure:19897: result: yes
configure:19901: checking sys/time.h presence
configure:19911: gcc -E  conftest.c
configure:19917: $? = 0
configure:19937: result: yes
configure:19972: checking for sys/time.h
configure:19979: result: yes
configure:19847: checking for unistd.h
configure:19852: result: yes
configure:19856: checking osfcn.h usability
configure:19868: gcc -c -g -O2  conftest.c >&5
conftest.c:67:19: error: osfcn.h: No such file or directory
configure:19874: $? = 1
configure: failed program was:
| /* confdefs.h.  */
| 
| #define PACKAGE_NAME ""
| #define PACKAGE_TARNAME ""
| #define PACKAGE_VERSION ""
| #define PACKAGE_STRING ""
| #define PACKAGE_BUGREPORT ""
| #ifdef __cplusplus
| extern "C" void std::exit (int); using std::exit;
| #endif
| #define STDC_HEADERS 1
| #define HAVE_SYS_TYPES_H 1
| #define HAVE_SYS_STAT_H 1
| #define HAVE_STDLIB_H 1
| #define HAVE_STRING_H 1
| #define HAVE_MEMORY_H 1
| #define HAVE_STRINGS_H 1
| #define HAVE_INTTYPES_H 1
| #define HAVE_STDINT_H 1
| #define HAVE_UNISTD_H 1
| #define HAVE_DLFCN_H 1
| #define HAVE_NAMESPACES
| #define HAVE_SSTREAM
| #define HAVE_DIRENT_H 1
| #define STDC_HEADERS 1
| #define HAVE_SYS_WAIT_H 1
| #define HAVE_FCNTL_H 1
| #define HAVE_SYS_FILE_H 1
| #define HAVE_SYS_IOCTL_H 1
| #define HAVE_SYS_TIME_H 1
| #define HAVE_UNISTD_H 1
| /* end confdefs.h.  */
| #include <stdio.h>
| #if HAVE_SYS_TYPES_H
| # include <sys/types.h>
| #endif
| #if HAVE_SYS_STAT_H
| # include <sys/stat.h>
| #endif
| #if STDC_HEADERS
| # include <stdlib.h>
| # include <stddef.h>
| #else
| # if HAVE_STDLIB_H
| #  include <stdlib.h>
| # endif
| #endif
| #if HAVE_STRING_H
| # if !STDC_HEADERS && HAVE_MEMORY_H
| #  include <memory.h>
| # endif
| # include <string.h>
| #endif
| #if HAVE_STRINGS_H
| # include <strings.h>
| #endif
| #if HAVE_INTTYPES_H
| # include <inttypes.h>
| #else
| # if HAVE_STDINT_H
| #  include <stdint.h>
| # endif
| #endif
| #if HAVE_UNISTD_H
| # include <unistd.h>
| #endif
| #include <osfcn.h>
configure:19897: result: no
configure:19901: checking osfcn.h presence
configure:19911: gcc -E  conftest.c
conftest.c:33:19: error: osfcn.h: No such file or directory
configure:19917: $? = 1
configure: failed program was:
| /* confdefs.h.  */
| 
| #define PACKAGE_NAME ""
| #define PACKAGE_TARNAME ""
| #define PACKAGE_VERSION ""
| #define PACKAGE_STRING ""
| #define PACKAGE_BUGREPORT ""
| #ifdef __cplusplus
| extern "C" void std::exit (int); using std::exit;
| #endif
| #define STDC_HEADERS 1
| #define HAVE_SYS_TYPES_H 1
| #define HAVE_SYS_STAT_H 1
| #define HAVE_STDLIB_H 1
| #define HAVE_STRING_H 1
| #define HAVE_MEMORY_H 1
| #define HAVE_STRINGS_H 1
| #define HAVE_INTTYPES_H 1
| #define HAVE_STDINT_H 1
| #define HAVE_UNISTD_H 1
| #define HAVE_DLFCN_H 1
| #define HAVE_NAMESPACES
| #define HAVE_SSTREAM
| #define HAVE_DIRENT_H 1
| #define STDC_HEADERS 1
| #define HAVE_SYS_WAIT_H 1
| #define HAVE_FCNTL_H 1
| #define HAVE_SYS_FILE_H 1
| #define HAVE_SYS_IOCTL_H 1
| #define HAVE_SYS_TIME_H 1
| #define HAVE_UNISTD_H 1
| /* end confdefs.h.  */
| #include <osfcn.h>
configure:19937: result: no
configure:19972: checking for osfcn.h
configure:19979: result: no
configure:19856: checking sys/select.h usability
configure:19868: gcc -c -g -O2  conftest.c >&5
configure:19874: $? = 0
configure:19878: test -z 
			 || test ! -s conftest.err
configure:19881: $? = 0
configure:19884: test -s conftest.o
configure:19887: $? = 0
configure:19897: result: yes
configure:19901: checking sys/select.h presence
configure:19911: gcc -E  conftest.c
configure:19917: $? = 0
configure:19937: result: yes
configure:19972: checking for sys/select.h
configure:19979: result: yes
configure:19847: checking for sys/stat.h
configure:19852: result: yes
configure:19856: checking sys/mman.h usability
configure:19868: gcc -c -g -O2  conftest.c >&5
configure:19874: $? = 0
configure:19878: test -z 
			 || test ! -s conftest.err
configure:19881: $? = 0
configure:19884: test -s conftest.o
configure:19887: $? = 0
configure:19897: result: yes
configure:19901: checking sys/mman.h presence
configure:19911: gcc -E  conftest.c
configure:19917: $? = 0
configure:19937: result: yes
configure:19972: checking for sys/mman.h
configure:19979: result: yes
configure:19856: checking stropts.h usability
configure:19868: gcc -c -g -O2  conftest.c >&5
conftest.c:70:21: error: stropts.h: No such file or directory
configure:19874: $? = 1
configure: failed program was:
| /* confdefs.h.  */
| 
| #define PACKAGE_NAME ""
| #define PACKAGE_TARNAME ""
| #define PACKAGE_VERSION ""
| #define PACKAGE_STRING ""
| #define PACKAGE_BUGREPORT ""
| #ifdef __cplusplus
| extern "C" void std::exit (int); using std::exit;
| #endif
| #define STDC_HEADERS 1
| #define HAVE_SYS_TYPES_H 1
| #define HAVE_SYS_STAT_H 1
| #define HAVE_STDLIB_H 1
| #define HAVE_STRING_H 1
| #define HAVE_MEMORY_H 1
| #define HAVE_STRINGS_H 1
| #define HAVE_INTTYPES_H 1
| #define HAVE_STDINT_H 1
| #define HAVE_UNISTD_H 1
| #define HAVE_DLFCN_H 1
| #define HAVE_NAMESPACES
| #define HAVE_SSTREAM
| #define HAVE_DIRENT_H 1
| #define STDC_HEADERS 1
| #define HAVE_SYS_WAIT_H 1
| #define HAVE_FCNTL_H 1
| #define HAVE_SYS_FILE_H 1
| #define HAVE_SYS_IOCTL_H 1
| #define HAVE_SYS_TIME_H 1
| #define HAVE_UNISTD_H 1
| #define HAVE_SYS_SELECT_H 1
| #define HAVE_SYS_STAT_H 1
| #define HAVE_SYS_MMAN_H 1
| /* end confdefs.h.  */
| #include <stdio.h>
| #if HAVE_SYS_TYPES_H
| # include <sys/types.h>
| #endif
| #if HAVE_SYS_STAT_H
| # include <sys/stat.h>
| #endif
| #if STDC_HEADERS
| # include <stdlib.h>
| # include <stddef.h>
| #else
| # if HAVE_STDLIB_H
| #  include <stdlib.h>
| # endif
| #endif
| #if HAVE_STRING_H
| # if !STDC_HEADERS && HAVE_MEMORY_H
| #  include <memory.h>
| # endif
| # include <string.h>
| #endif
| #if HAVE_STRINGS_H
| # include <strings.h>
| #endif
| #if HAVE_INTTYPES_H
| # include <inttypes.h>
| #else
| # if HAVE_STDINT_H
| #  include <stdint.h>
| # endif
| #endif
| #if HAVE_UNISTD_H
| # include <unistd.h>
| #endif
| #include <stropts.h>
configure:19897: result: no
configure:19901: checking stropts.h presence
configure:19911: gcc -E  conftest.c
conftest.c:36:21: error: stropts.h: No such file or directory
configure:19917: $? = 1
configure: failed program was:
| /* confdefs.h.  */
| 
| #define PACKAGE_NAME ""
| #define PACKAGE_TARNAME ""
| #define PACKAGE_VERSION ""
| #define PACKAGE_STRING ""
| #define PACKAGE_BUGREPORT ""
| #ifdef __cplusplus
| extern "C" void std::exit (int); using std::exit;
| #endif
| #define STDC_HEADERS 1
| #define HAVE_SYS_TYPES_H 1
| #define HAVE_SYS_STAT_H 1
| #define HAVE_STDLIB_H 1
| #define HAVE_STRING_H 1
| #define HAVE_MEMORY_H 1
| #define HAVE_STRINGS_H 1
| #define HAVE_INTTYPES_H 1
| #define HAVE_STDINT_H 1
| #define HAVE_UNISTD_H 1
| #define HAVE_DLFCN_H 1
| #define HAVE_NAMESPACES
| #define HAVE_SSTREAM
| #define HAVE_DIRENT_H 1
| #define STDC_HEADERS 1
| #define HAVE_SYS_WAIT_H 1
| #define HAVE_FCNTL_H 1
| #define HAVE_SYS_FILE_H 1
| #define HAVE_SYS_IOCTL_H 1
| #define HAVE_SYS_TIME_H 1
| #define HAVE_UNISTD_H 1
| #define HAVE_SYS_SELECT_H 1
| #define HAVE_SYS_STAT_H 1
| #define HAVE_SYS_MMAN_H 1
| /* end confdefs.h.  */
| #include <stropts.h>
configure:19937: result: no
configure:19972: checking for stropts.h
configure:19979: result: no
configure:19856: checking sys/conf.h usability
configure:19868: gcc -c -g -O2  conftest.c >&5
configure:19874: $? = 0
configure:19878: test -z 
			 || test ! -s conftest.err
configure:19881: $? = 0
configure:19884: test -s conftest.o
configure:19887: $? = 0
configure:19897: result: yes
configure:19901: checking sys/conf.h presence
configure:19911: gcc -E  conftest.c
configure:19917: $? = 0
configure:19937: result: yes
configure:19972: checking for sys/conf.h
configure:19979: result: yes
configure:19997: checking for X
configure:20227: result: libraries /usr/X11R6/lib, headers /usr/X11R6/include
configure:20399: gcc -o conftest -g -O2   conftest.c    -L/usr/X11R6/lib -lX11 >&5
configure:20405: $? = 0
configure:20409: test -z 
			 || test ! -s conftest.err
configure:20412: $? = 0
configure:20415: test -s conftest
configure:20418: $? = 0
configure:20576: checking for gethostbyname
configure:20633: gcc -o conftest -g -O2   conftest.c   >&5
configure:20639: $? = 0
configure:20643: test -z 
			 || test ! -s conftest.err
configure:20646: $? = 0
configure:20649: test -s conftest
configure:20652: $? = 0
configure:20664: result: yes
configure:20815: checking for connect
configure:20872: gcc -o conftest -g -O2   conftest.c   >&5
configure:20878: $? = 0
configure:20882: test -z 
			 || test ! -s conftest.err
configure:20885: $? = 0
configure:20888: test -s conftest
configure:20891: $? = 0
configure:20903: result: yes
configure:20978: checking for remove
configure:21035: gcc -o conftest -g -O2   conftest.c   >&5
configure:21041: $? = 0
configure:21045: test -z 
			 || test ! -s conftest.err
configure:21048: $? = 0
configure:21051: test -s conftest
configure:21054: $? = 0
configure:21066: result: yes
configure:21141: checking for shmat
configure:21198: gcc -o conftest -g -O2   conftest.c   >&5
configure:21204: $? = 0
configure:21208: test -z 
			 || test ! -s conftest.err
configure:21211: $? = 0
configure:21214: test -s conftest
configure:21217: $? = 0
configure:21229: result: yes
configure:21313: checking for IceConnectionNumber in -lICE
configure:21343: gcc -o conftest -g -O2   -L/usr/X11R6/lib conftest.c -lICE    >&5
configure:21349: $? = 0
configure:21353: test -z 
			 || test ! -s conftest.err
configure:21356: $? = 0
configure:21359: test -s conftest
configure:21362: $? = 0
configure:21375: result: yes
configure:21407: checking for off_t
configure:21431: gcc -c -g -O2  conftest.c >&5
configure:21437: $? = 0
configure:21441: test -z 
			 || test ! -s conftest.err
configure:21444: $? = 0
configure:21447: test -s conftest.o
configure:21450: $? = 0
configure:21461: result: yes
configure:21473: checking for pid_t
configure:21497: gcc -c -g -O2  conftest.c >&5
configure:21503: $? = 0
configure:21507: test -z 
			 || test ! -s conftest.err
configure:21510: $? = 0
configure:21513: test -s conftest.o
configure:21516: $? = 0
configure:21527: result: yes
configure:21539: checking for size_t
configure:21563: gcc -c -g -O2  conftest.c >&5
configure:21569: $? = 0
configure:21573: test -z 
			 || test ! -s conftest.err
configure:21576: $? = 0
configure:21579: test -s conftest.o
configure:21582: $? = 0
configure:21593: result: yes
configure:21605: checking whether time.h and sys/time.h may both be included
configure:21630: gcc -c -g -O2  conftest.c >&5
configure:21636: $? = 0
configure:21640: test -z 
			 || test ! -s conftest.err
configure:21643: $? = 0
configure:21646: test -s conftest.o
configure:21649: $? = 0
configure:21660: result: yes
configure:21670: checking whether struct tm is in sys/time.h or time.h
configure:21693: gcc -c -g -O2  conftest.c >&5
configure:21699: $? = 0
configure:21703: test -z 
			 || test ! -s conftest.err
configure:21706: $? = 0
configure:21709: test -s conftest.o
configure:21712: $? = 0
configure:21723: result: time.h
configure:21733: checking for uid_t in sys/types.h
configure:21756: result: yes
configure:21772: checking for working memcmp
configure:21820: gcc -o conftest -g -O2   conftest.c   >&5
configure:21823: $? = 0
configure:21825: ./conftest
configure:21828: $? = 0
configure:21842: result: yes
configure:21859: checking for stdlib.h
configure:21864: result: yes
configure:21859: checking for unistd.h
configure:21864: result: yes
configure:22008: checking for getpagesize
configure:22065: gcc -o conftest -g -O2   conftest.c   >&5
configure:22071: $? = 0
configure:22075: test -z 
			 || test ! -s conftest.err
configure:22078: $? = 0
configure:22081: test -s conftest
configure:22084: $? = 0
configure:22096: result: yes
configure:22106: checking for working mmap
configure:22248: gcc -o conftest -g -O2   conftest.c   >&5
configure:22251: $? = 0
configure:22253: ./conftest
configure:22256: $? = 0
configure:22270: result: yes
configure:22281: checking return type of signal handlers
configure:22312: gcc -c -g -O2  conftest.c >&5
configure:22318: $? = 0
configure:22322: test -z 
			 || test ! -s conftest.err
configure:22325: $? = 0
configure:22328: test -s conftest.o
configure:22331: $? = 0
configure:22342: result: void
configure:22354: checking for vprintf
configure:22411: gcc -o conftest -g -O2   conftest.c   >&5
conftest.c:67: warning: conflicting types for built-in function 'vprintf'
configure:22417: $? = 0
configure:22421: test -z 
			 || test ! -s conftest.err
configure:22424: $? = 0
configure:22427: test -s conftest
configure:22430: $? = 0
configure:22442: result: yes
configure:22449: checking for _doprnt
configure:22506: gcc -o conftest -g -O2   conftest.c   >&5
/usr/bin/ld: Undefined symbols:
__doprnt
collect2: ld returned 1 exit status
configure:22512: $? = 1
configure: failed program was:
| /* confdefs.h.  */
| 
| #define PACKAGE_NAME ""
| #define PACKAGE_TARNAME ""
| #define PACKAGE_VERSION ""
| #define PACKAGE_STRING ""
| #define PACKAGE_BUGREPORT ""
| #ifdef __cplusplus
| extern "C" void std::exit (int); using std::exit;
| #endif
| #define STDC_HEADERS 1
| #define HAVE_SYS_TYPES_H 1
| #define HAVE_SYS_STAT_H 1
| #define HAVE_STDLIB_H 1
| #define HAVE_STRING_H 1
| #define HAVE_MEMORY_H 1
| #define HAVE_STRINGS_H 1
| #define HAVE_INTTYPES_H 1
| #define HAVE_STDINT_H 1
| #define HAVE_UNISTD_H 1
| #define HAVE_DLFCN_H 1
| #define HAVE_NAMESPACES
| #define HAVE_SSTREAM
| #define HAVE_DIRENT_H 1
| #define STDC_HEADERS 1
| #define HAVE_SYS_WAIT_H 1
| #define HAVE_FCNTL_H 1
| #define HAVE_SYS_FILE_H 1
| #define HAVE_SYS_IOCTL_H 1
| #define HAVE_SYS_TIME_H 1
| #define HAVE_UNISTD_H 1
| #define HAVE_SYS_SELECT_H 1
| #define HAVE_SYS_STAT_H 1
| #define HAVE_SYS_MMAN_H 1
| #define HAVE_SYS_CONF_H 1
| #define TIME_WITH_SYS_TIME 1
| #define HAVE_STDLIB_H 1
| #define HAVE_UNISTD_H 1
| #define HAVE_GETPAGESIZE 1
| #define HAVE_MMAP 1
| #define RETSIGTYPE void
| #define HAVE_VPRINTF 1
| /* end confdefs.h.  */
| /* Define _doprnt to an innocuous variant, in case <limits.h> declares _doprnt.
|    For example, HP-UX 11i <limits.h> declares gettimeofday.  */
| #define _doprnt innocuous__doprnt
| 
| /* System header to define __stub macros and hopefully few prototypes,
|     which can conflict with char _doprnt (); below.
|     Prefer <limits.h> to <assert.h> if __STDC__ is defined, since
|     <limits.h> exists even on freestanding compilers.  */
| 
| #ifdef __STDC__
| # include <limits.h>
| #else
| # include <assert.h>
| #endif
| 
| #undef _doprnt
| 
| /* Override any gcc2 internal prototype to avoid an error.  */
| #ifdef __cplusplus
| extern "C"
| {
| #endif
| /* We use char because int might match the return type of a gcc2
|    builtin and then its argument prototype would still apply.  */
| char _doprnt ();
| /* The GNU C library defines this for functions which it implements
|     to always fail with ENOSYS.  Some functions are actually named
|     something starting with __ and the normal name is an alias.  */
| #if defined (__stub__doprnt) || defined (__stub____doprnt)
| choke me
| #else
| char (*f) () = _doprnt;
| #endif
| #ifdef __cplusplus
| }
| #endif
| 
| int
| main ()
| {
| return f != _doprnt;
|   ;
|   return 0;
| }
configure:22537: result: no
configure:22565: checking for getcwd
configure:22622: gcc -o conftest -g -O2   conftest.c   >&5
configure:22628: $? = 0
configure:22632: test -z 
			 || test ! -s conftest.err
configure:22635: $? = 0
configure:22638: test -s conftest
configure:22641: $? = 0
configure:22653: result: yes
configure:22565: checking for gethostname
configure:22622: gcc -o conftest -g -O2   conftest.c   >&5
configure:22628: $? = 0
configure:22632: test -z 
			 || test ! -s conftest.err
configure:22635: $? = 0
configure:22638: test -s conftest
configure:22641: $? = 0
configure:22653: result: yes
configure:22565: checking for gettimeofday
configure:22622: gcc -o conftest -g -O2   conftest.c   >&5
configure:22628: $? = 0
configure:22632: test -z 
			 || test ! -s conftest.err
configure:22635: $? = 0
configure:22638: test -s conftest
configure:22641: $? = 0
configure:22653: result: yes
configure:22565: checking for regcomp
configure:22622: gcc -o conftest -g -O2   conftest.c   >&5
configure:22628: $? = 0
configure:22632: test -z 
			 || test ! -s conftest.err
configure:22635: $? = 0
configure:22638: test -s conftest
configure:22641: $? = 0
configure:22653: result: yes
configure:22565: checking for select
configure:22622: gcc -o conftest -g -O2   conftest.c   >&5
configure:22628: $? = 0
configure:22632: test -z 
			 || test ! -s conftest.err
configure:22635: $? = 0
configure:22638: test -s conftest
configure:22641: $? = 0
configure:22653: result: yes
configure:22565: checking for socket
configure:22622: gcc -o conftest -g -O2   conftest.c   >&5
configure:22628: $? = 0
configure:22632: test -z 
			 || test ! -s conftest.err
configure:22635: $? = 0
configure:22638: test -s conftest
configure:22641: $? = 0
configure:22653: result: yes
configure:22565: checking for strcspn
configure:22622: gcc -o conftest -g -O2   conftest.c   >&5
conftest.c:74: warning: conflicting types for built-in function 'strcspn'
configure:22628: $? = 0
configure:22632: test -z 
			 || test ! -s conftest.err
configure:22635: $? = 0
configure:22638: test -s conftest
configure:22641: $? = 0
configure:22653: result: yes
configure:22565: checking for strerror
configure:22622: gcc -o conftest -g -O2   conftest.c   >&5
configure:22628: $? = 0
configure:22632: test -z 
			 || test ! -s conftest.err
configure:22635: $? = 0
configure:22638: test -s conftest
configure:22641: $? = 0
configure:22653: result: yes
configure:22565: checking for strtod
configure:22622: gcc -o conftest -g -O2   conftest.c   >&5
configure:22628: $? = 0
configure:22632: test -z 
			 || test ! -s conftest.err
configure:22635: $? = 0
configure:22638: test -s conftest
configure:22641: $? = 0
configure:22653: result: yes
configure:22565: checking for strtol
configure:22622: gcc -o conftest -g -O2   conftest.c   >&5
configure:22628: $? = 0
configure:22632: test -z 
			 || test ! -s conftest.err
configure:22635: $? = 0
configure:22638: test -s conftest
configure:22641: $? = 0
configure:22653: result: yes
configure:22565: checking for uname
configure:22622: gcc -o conftest -g -O2   conftest.c   >&5
configure:22628: $? = 0
configure:22632: test -z 
			 || test ! -s conftest.err
configure:22635: $? = 0
configure:22638: test -s conftest
configure:22641: $? = 0
configure:22653: result: yes
configure:22664: checking for prototype for gettimeofday
configure:22692: gcc -c -g -O2  conftest.c >&5
configure:22698: $? = 0
configure:22702: test -z 
			 || test ! -s conftest.err
configure:22705: $? = 0
configure:22708: test -s conftest.o
configure:22711: $? = 0
configure:22713: result: found
configure:22732: checking for type of signal functions
configure:22760: gcc -o conftest -g -O2   conftest.c   >&5
configure:22766: $? = 0
configure:22770: test -z 
			 || test ! -s conftest.err
configure:22773: $? = 0
configure:22776: test -s conftest
configure:22779: $? = 0
configure:22897: result: posix
configure:23033: creating ./config.status

## ---------------------- ##
## Running config.status. ##
## ---------------------- ##

This file was extended by config.status, which was
generated by GNU Autoconf 2.59.  Invocation command line was

  CONFIG_FILES    = 
  CONFIG_HEADERS  = 
  CONFIG_LINKS    = 
  CONFIG_COMMANDS = 
  $ ./config.status 

on duo.colorado.edu

config.status:692: creating Makefile
config.status:692: creating src/Makefile
config.status:692: creating src/bin/Makefile
config.status:692: creating src/bin/idemo/Makefile
config.status:692: creating src/bin/idraw/Makefile
config.status:692: creating src/bin/iclass/Makefile
config.status:692: creating src/include/Makefile
config.status:692: creating src/lib/Makefile
config.status:796: creating config.h
config.status:796: creating src/include/ivstream.h
config.status:984: src/include/ivstream.h is unchanged

## ---------------- ##
## Cache variables. ##
## ---------------- ##

ac_cv_build=i686-apple-darwin8.5.2
ac_cv_build_alias=i686-apple-darwin8.5.2
ac_cv_c_compiler_gnu=yes
ac_cv_cxx_compiler_gnu=yes
ac_cv_cxx_have_sstream=yes
ac_cv_cxx_namespaces=yes
ac_cv_env_CC_set=
ac_cv_env_CC_value=
ac_cv_env_CFLAGS_set=
ac_cv_env_CFLAGS_value=
ac_cv_env_CPPFLAGS_set=
ac_cv_env_CPPFLAGS_value=
ac_cv_env_CPP_set=
ac_cv_env_CPP_value=
ac_cv_env_CXXCPP_set=
ac_cv_env_CXXCPP_value=
ac_cv_env_CXXFLAGS_set=
ac_cv_env_CXXFLAGS_value=
ac_cv_env_CXX_set=
ac_cv_env_CXX_value=
ac_cv_env_F77_set=
ac_cv_env_F77_value=
ac_cv_env_FFLAGS_set=
ac_cv_env_FFLAGS_value=
ac_cv_env_LDFLAGS_set=
ac_cv_env_LDFLAGS_value=
ac_cv_env_build_alias_set=
ac_cv_env_build_alias_value=
ac_cv_env_host_alias_set=
ac_cv_env_host_alias_value=
ac_cv_env_target_alias_set=
ac_cv_env_target_alias_value=
ac_cv_exeext=
ac_cv_f77_compiler_gnu=no
ac_cv_func__doprnt=no
ac_cv_func_connect=yes
ac_cv_func_getcwd=yes
ac_cv_func_gethostbyname=yes
ac_cv_func_gethostname=yes
ac_cv_func_getpagesize=yes
ac_cv_func_gettimeofday=yes
ac_cv_func_memcmp_working=yes
ac_cv_func_mmap_fixed_mapped=yes
ac_cv_func_regcomp=yes
ac_cv_func_remove=yes
ac_cv_func_select=yes
ac_cv_func_shmat=yes
ac_cv_func_socket=yes
ac_cv_func_strcspn=yes
ac_cv_func_strerror=yes
ac_cv_func_strtod=yes
ac_cv_func_strtol=yes
ac_cv_func_uname=yes
ac_cv_func_vprintf=yes
ac_cv_have_x='have_x=yes 		ac_x_includes=/usr/X11R6/include ac_x_libraries=/usr/X11R6/lib'
ac_cv_header_dirent_dirent_h=yes
ac_cv_header_dlfcn_h=yes
ac_cv_header_fcntl_h=yes
ac_cv_header_inttypes_h=yes
ac_cv_header_malloc_h=no
ac_cv_header_memory_h=yes
ac_cv_header_osfcn_h=no
ac_cv_header_stdc=yes
ac_cv_header_stdint_h=yes
ac_cv_header_stdlib_h=yes
ac_cv_header_string_h=yes
ac_cv_header_strings_h=yes
ac_cv_header_stropts_h=no
ac_cv_header_sys_conf_h=yes
ac_cv_header_sys_file_h=yes
ac_cv_header_sys_ioctl_h=yes
ac_cv_header_sys_mman_h=yes
ac_cv_header_sys_select_h=yes
ac_cv_header_sys_stat_h=yes
ac_cv_header_sys_time_h=yes
ac_cv_header_sys_types_h=yes
ac_cv_header_sys_wait_h=yes
ac_cv_header_time=yes
ac_cv_header_unistd_h=yes
ac_cv_host=i686-apple-darwin8.5.2
ac_cv_host_alias=i686-apple-darwin8.5.2
ac_cv_lib_ICE_IceConnectionNumber=yes
ac_cv_objext=o
ac_cv_path_install='/usr/bin/install -c'
ac_cv_prog_CPP='gcc -E'
ac_cv_prog_CXXCPP='g++ -E'
ac_cv_prog_ac_ct_AR=ar
ac_cv_prog_ac_ct_CC=gcc
ac_cv_prog_ac_ct_CXX=g++
ac_cv_prog_ac_ct_RANLIB=ranlib
ac_cv_prog_ac_ct_STRIP=strip
ac_cv_prog_cc_g=yes
ac_cv_prog_cc_stdc=
ac_cv_prog_cxx_g=yes
ac_cv_prog_egrep='grep -E'
ac_cv_prog_f77_g=no
ac_cv_prog_make_make_set=yes
ac_cv_search_opendir='none required'
ac_cv_struct_tm=time.h
ac_cv_type_off_t=yes
ac_cv_type_pid_t=yes
ac_cv_type_signal=void
ac_cv_type_size_t=yes
ac_cv_type_uid_t=yes
bash_cv_signal_vintage=posix
lt_cv_deplibs_check_method=pass_all
lt_cv_file_magic_cmd='$MAGIC_CMD'
lt_cv_file_magic_test_file=
lt_cv_ld_reload_flag=-r
lt_cv_objdir=.libs
lt_cv_path_LD=/usr/bin/ld
lt_cv_path_LDCXX=/usr/bin/ld
lt_cv_path_NM='/usr/bin/nm -p'
lt_cv_path_SED=/usr/bin/sed
lt_cv_prog_compiler_c_o=yes
lt_cv_prog_compiler_c_o_CXX=yes
lt_cv_prog_compiler_rtti_exceptions=no
lt_cv_prog_gnu_ld=no
lt_cv_prog_gnu_ldcxx=no
lt_cv_sys_global_symbol_pipe='sed -n -e '\''s/^.*[ 	]\([BCDEGRST][BCDEGRST]*\)[ 	][ 	]*\(_\)\([_A-Za-z][_A-Za-z0-9]*\)$/\1 \2\3 \3/p'\'''
lt_cv_sys_global_symbol_to_c_name_address='sed -n -e '\''s/^: \([^ ]*\) $/  {\"\1\", (lt_ptr) 0},/p'\'' -e '\''s/^[BCDEGRST] \([^ ]*\) \([^ ]*\)$/  {"\2", (lt_ptr) \&\2},/p'\'''
lt_cv_sys_global_symbol_to_cdecl='sed -n -e '\''s/^. .* \(.*\)$/extern int \1;/p'\'''
lt_cv_sys_max_cmd_len=65536
lt_lt_cv_prog_compiler_c_o='"yes"'
lt_lt_cv_prog_compiler_c_o_CXX='"yes"'
lt_lt_cv_sys_global_symbol_pipe='"sed -n -e '\''s/^.*[ 	]\\([BCDEGRST][BCDEGRST]*\\)[ 	][ 	]*\\(_\\)\\([_A-Za-z][_A-Za-z0-9]*\\)\$/\\1 \\2\\3 \\3/p'\''"'
lt_lt_cv_sys_global_symbol_to_c_name_address='"sed -n -e '\''s/^: \\([^ ]*\\) \$/  {\\\"\\1\\\", (lt_ptr) 0},/p'\'' -e '\''s/^[BCDEGRST] \\([^ ]*\\) \\([^ ]*\\)\$/  {\"\\2\", (lt_ptr) \\&\\2},/p'\''"'
lt_lt_cv_sys_global_symbol_to_cdecl='"sed -n -e '\''s/^. .* \\(.*\\)\$/extern int \\1;/p'\''"'

## ----------------- ##
## Output variables. ##
## ----------------- ##

AR='ar'
CARBON_FALSE=''
CARBON_TRUE='#'
CC='gcc'
CFLAGS='-g -O2'
CPP='gcc -E'
CPPFLAGS=''
CXX='g++'
CXXCPP='g++ -E'
CXXFLAGS='-g -O2'
CYGWIN_FALSE=''
CYGWIN_TRUE='#'
DEFS='-DHAVE_CONFIG_H'
ECHO='echo'
ECHO_C=''
ECHO_N='-n'
ECHO_T=''
EGREP='grep -E'
EXEEXT=''
F77=''
FFLAGS=''
INSTALL_DATA='${INSTALL} -m 644'
INSTALL_PROGRAM='${INSTALL}'
INSTALL_SCRIPT='${INSTALL}'
LDFLAGS=''
LIBOBJS=''
LIBS=' '
LIBTOOL='$(SHELL) $(top_builddir)/libtool'
LN_S='ln -s'
LTLIBOBJS=''
OBJEXT='o'
PACKAGE='iv'
PACKAGE_BUGREPORT=''
PACKAGE_NAME=''
PACKAGE_STRING=''
PACKAGE_TARNAME=''
PACKAGE_VERSION=''
PATH_SEPARATOR=':'
RANLIB='ranlib'
SET_MAKE=''
SHELL='/bin/sh'
STRIP='strip'
VERSION='3.2b.hines17'
X_CFLAGS=' -I/usr/X11R6/include'
X_EXTRA_LIBS=''
X_LIBS=' -L/usr/X11R6/lib'
X_PRE_LIBS=' -lSM -lICE'
ac_ct_AR='ar'
ac_ct_CC='gcc'
ac_ct_CXX='g++'
ac_ct_F77=''
ac_ct_RANLIB='ranlib'
ac_ct_STRIP='strip'
bindir='${exec_prefix}/bin'
build='i686-apple-darwin8.5.2'
build_alias=''
build_cpu='i686'
build_os='darwin8.5.2'
build_vendor='apple'
datadir='${prefix}/share'
exec_prefix='${prefix}/@host_cpu@'
host='i686-apple-darwin8.5.2'
host_alias=''
host_cpu='i686'
host_os='darwin8.5.2'
host_vendor='apple'
includedir='${prefix}/include'
infodir='${prefix}/info'
libdir='${exec_prefix}/lib'
libexecdir='${exec_prefix}/libexec'
localstatedir='${prefix}/var'
mandir='${prefix}/man'
oldincludedir='/usr/include'
prefix='/usr/local/iv'
program_transform_name='s,x,x,'
sbindir='${exec_prefix}/sbin'
sharedstatedir='${prefix}/com'
sysconfdir='${prefix}/etc'
target_alias=''

## ----------- ##
## confdefs.h. ##
## ----------- ##

#define HAVE_DIRENT_H 1
#define HAVE_DLFCN_H 1
#define HAVE_FCNTL_H 1
#define HAVE_GETCWD 1
#define HAVE_GETHOSTNAME 1
#define HAVE_GETPAGESIZE 1
#define HAVE_GETTIMEOFDAY 1
#define HAVE_INTTYPES_H 1
#define HAVE_MEMORY_H 1
#define HAVE_MMAP 1
#define HAVE_NAMESPACES
#define HAVE_POSIX_SIGNALS 1
#define HAVE_REGCOMP 1
#define HAVE_SELECT 1
#define HAVE_SOCKET 1
#define HAVE_SSTREAM
#define HAVE_STDINT_H 1
#define HAVE_STDLIB_H 1
#define HAVE_STDLIB_H 1
#define HAVE_STRCSPN 1
#define HAVE_STRERROR 1
#define HAVE_STRINGS_H 1
#define HAVE_STRING_H 1
#define HAVE_STRTOD 1
#define HAVE_STRTOL 1
#define HAVE_SYS_CONF_H 1
#define HAVE_SYS_FILE_H 1
#define HAVE_SYS_IOCTL_H 1
#define HAVE_SYS_MMAN_H 1
#define HAVE_SYS_SELECT_H 1
#define HAVE_SYS_STAT_H 1
#define HAVE_SYS_STAT_H 1
#define HAVE_SYS_TIME_H 1
#define HAVE_SYS_TYPES_H 1
#define HAVE_SYS_WAIT_H 1
#define HAVE_UNAME 1
#define HAVE_UNISTD_H 1
#define HAVE_UNISTD_H 1
#define HAVE_UNISTD_H 1
#define HAVE_VPRINTF 1
#define PACKAGE_BUGREPORT ""
#define PACKAGE_NAME ""
#define PACKAGE_STRING ""
#define PACKAGE_TARNAME ""
#define PACKAGE_VERSION ""
#define RETSIGTYPE void
#define STDC_HEADERS 1
#define STDC_HEADERS 1
#define TIME_WITH_SYS_TIME 1
#endif
#ifdef __cplusplus
extern "C" void std::exit (int); using std::exit;

configure: exit 0
